[0.008s] Invoking command in '/home/vpassamano-iit.local/bumperbot_ws/build/bumperbot_cpp_examples': CMAKE_PREFIX_PATH=${CMAKE_PREFIX_PATH}:/opt/ros/jazzy DEBUGINFOD_URLS=https://debuginfod.ubuntu.com /usr/bin/cmake --build /home/vpassamano-iit.local/bumperbot_ws/build/bumperbot_cpp_examples -- -j16 -l16
[0.048s] [ 33%] [32mBuilding CXX object CMakeFiles/simple_publisher.dir/src/simple_publisher.cpp.o[0m
[3.090s] [ 66%] [32m[1mLinking CXX executable simple_publisher[0m
[3.189s] [100%] Built target simple_publisher
[3.199s] Invoked command in '/home/vpassamano-iit.local/bumperbot_ws/build/bumperbot_cpp_examples' returned '0': CMAKE_PREFIX_PATH=${CMAKE_PREFIX_PATH}:/opt/ros/jazzy DEBUGINFOD_URLS=https://debuginfod.ubuntu.com /usr/bin/cmake --build /home/vpassamano-iit.local/bumperbot_ws/build/bumperbot_cpp_examples -- -j16 -l16
[3.221s] Invoking command in '/home/vpassamano-iit.local/bumperbot_ws/build/bumperbot_cpp_examples': CMAKE_PREFIX_PATH=${CMAKE_PREFIX_PATH}:/opt/ros/jazzy DEBUGINFOD_URLS=https://debuginfod.ubuntu.com /usr/bin/cmake --install /home/vpassamano-iit.local/bumperbot_ws/build/bumperbot_cpp_examples
[3.226s] -- Install configuration: ""
[3.226s] -- Installing: /home/vpassamano-iit.local/bumperbot_ws/install/bumperbot_cpp_examples/lib/bumperbot_cpp_examples/simple_publisher
[3.227s] -- Set non-toolchain portion of runtime path of "/home/vpassamano-iit.local/bumperbot_ws/install/bumperbot_cpp_examples/lib/bumperbot_cpp_examples/simple_publisher" to ""
[3.227s] -- Up-to-date: /home/vpassamano-iit.local/bumperbot_ws/install/bumperbot_cpp_examples/share/ament_index/resource_index/package_run_dependencies/bumperbot_cpp_examples
[3.227s] -- Up-to-date: /home/vpassamano-iit.local/bumperbot_ws/install/bumperbot_cpp_examples/share/ament_index/resource_index/parent_prefix_path/bumperbot_cpp_examples
[3.227s] -- Up-to-date: /home/vpassamano-iit.local/bumperbot_ws/install/bumperbot_cpp_examples/share/bumperbot_cpp_examples/environment/ament_prefix_path.sh
[3.227s] -- Up-to-date: /home/vpassamano-iit.local/bumperbot_ws/install/bumperbot_cpp_examples/share/bumperbot_cpp_examples/environment/ament_prefix_path.dsv
[3.227s] -- Up-to-date: /home/vpassamano-iit.local/bumperbot_ws/install/bumperbot_cpp_examples/share/bumperbot_cpp_examples/environment/path.sh
[3.227s] -- Up-to-date: /home/vpassamano-iit.local/bumperbot_ws/install/bumperbot_cpp_examples/share/bumperbot_cpp_examples/environment/path.dsv
[3.227s] -- Up-to-date: /home/vpassamano-iit.local/bumperbot_ws/install/bumperbot_cpp_examples/share/bumperbot_cpp_examples/local_setup.bash
[3.227s] -- Up-to-date: /home/vpassamano-iit.local/bumperbot_ws/install/bumperbot_cpp_examples/share/bumperbot_cpp_examples/local_setup.sh
[3.227s] -- Up-to-date: /home/vpassamano-iit.local/bumperbot_ws/install/bumperbot_cpp_examples/share/bumperbot_cpp_examples/local_setup.zsh
[3.228s] -- Up-to-date: /home/vpassamano-iit.local/bumperbot_ws/install/bumperbot_cpp_examples/share/bumperbot_cpp_examples/local_setup.dsv
[3.228s] -- Installing: /home/vpassamano-iit.local/bumperbot_ws/install/bumperbot_cpp_examples/share/bumperbot_cpp_examples/package.dsv
[3.228s] -- Up-to-date: /home/vpassamano-iit.local/bumperbot_ws/install/bumperbot_cpp_examples/share/ament_index/resource_index/packages/bumperbot_cpp_examples
[3.228s] -- Up-to-date: /home/vpassamano-iit.local/bumperbot_ws/install/bumperbot_cpp_examples/share/bumperbot_cpp_examples/cmake/bumperbot_cpp_examplesConfig.cmake
[3.228s] -- Up-to-date: /home/vpassamano-iit.local/bumperbot_ws/install/bumperbot_cpp_examples/share/bumperbot_cpp_examples/cmake/bumperbot_cpp_examplesConfig-version.cmake
[3.228s] -- Up-to-date: /home/vpassamano-iit.local/bumperbot_ws/install/bumperbot_cpp_examples/share/bumperbot_cpp_examples/package.xml
[3.229s] Invoked command in '/home/vpassamano-iit.local/bumperbot_ws/build/bumperbot_cpp_examples' returned '0': CMAKE_PREFIX_PATH=${CMAKE_PREFIX_PATH}:/opt/ros/jazzy DEBUGINFOD_URLS=https://debuginfod.ubuntu.com /usr/bin/cmake --install /home/vpassamano-iit.local/bumperbot_ws/build/bumperbot_cpp_examples
