[0.008s] Invoking command in '/home/vpassamano-iit.local/bumperbot_ws/build/bumperbot_description': CMAKE_PREFIX_PATH=${CMAKE_PREFIX_PATH}:/opt/ros/jazzy DEBUGINFOD_URLS=https://debuginfod.ubuntu.com /usr/bin/cmake /home/vpassamano-iit.local/bumperbot_ws/src/bumperbot_description -DCMAKE_INSTALL_PREFIX=/home/vpassamano-iit.local/bumperbot_ws/install/bumperbot_description
[0.045s] -- The C compiler identification is GNU 13.2.0
[0.086s] -- The CXX compiler identification is GNU 13.2.0
[0.097s] -- Detecting C compiler ABI info
[0.159s] -- Detecting C compiler ABI info - done
[0.166s] -- Check for working C compiler: /usr/bin/cc - skipped
[0.166s] -- Detecting C compile features
[0.166s] -- Detecting C compile features - done
[0.173s] -- Detecting CXX compiler ABI info
[0.239s] -- Detecting CXX compiler ABI info - done
[0.246s] -- Check for working CXX compiler: /usr/bin/c++ - skipped
[0.246s] -- Detecting CXX compile features
[0.246s] -- Detecting CXX compile features - done
[0.248s] -- Found ament_cmake: 2.5.2 (/opt/ros/jazzy/share/ament_cmake/cmake)
[0.340s] -- Found Python3: /usr/bin/python3 (found version "3.12.3") found components: Interpreter 
[0.406s] -- Found ament_lint_auto: 0.17.1 (/opt/ros/jazzy/share/ament_lint_auto/cmake)
[0.477s] -- Added test 'lint_cmake' to check CMake code style
[0.477s] -- Added test 'xmllint' to check XML markup files
[0.478s] -- Configuring done (0.5s)
[0.481s] -- Generating done (0.0s)
[0.481s] -- Build files have been written to: /home/vpassamano-iit.local/bumperbot_ws/build/bumperbot_description
[0.484s] Invoked command in '/home/vpassamano-iit.local/bumperbot_ws/build/bumperbot_description' returned '0': CMAKE_PREFIX_PATH=${CMAKE_PREFIX_PATH}:/opt/ros/jazzy DEBUGINFOD_URLS=https://debuginfod.ubuntu.com /usr/bin/cmake /home/vpassamano-iit.local/bumperbot_ws/src/bumperbot_description -DCMAKE_INSTALL_PREFIX=/home/vpassamano-iit.local/bumperbot_ws/install/bumperbot_description
[0.485s] Invoking command in '/home/vpassamano-iit.local/bumperbot_ws/build/bumperbot_description': CMAKE_PREFIX_PATH=${CMAKE_PREFIX_PATH}:/opt/ros/jazzy DEBUGINFOD_URLS=https://debuginfod.ubuntu.com /usr/bin/cmake --build /home/vpassamano-iit.local/bumperbot_ws/build/bumperbot_description -- -j16 -l16
[0.510s] Invoked command in '/home/vpassamano-iit.local/bumperbot_ws/build/bumperbot_description' returned '0': CMAKE_PREFIX_PATH=${CMAKE_PREFIX_PATH}:/opt/ros/jazzy DEBUGINFOD_URLS=https://debuginfod.ubuntu.com /usr/bin/cmake --build /home/vpassamano-iit.local/bumperbot_ws/build/bumperbot_description -- -j16 -l16
[0.525s] Invoking command in '/home/vpassamano-iit.local/bumperbot_ws/build/bumperbot_description': CMAKE_PREFIX_PATH=${CMAKE_PREFIX_PATH}:/opt/ros/jazzy DEBUGINFOD_URLS=https://debuginfod.ubuntu.com /usr/bin/cmake --install /home/vpassamano-iit.local/bumperbot_ws/build/bumperbot_description
[0.530s] -- Install configuration: ""
[0.530s] -- Installing: /home/vpassamano-iit.local/bumperbot_ws/install/bumperbot_description/share/ament_index/resource_index/package_run_dependencies/bumperbot_description
[0.530s] -- Installing: /home/vpassamano-iit.local/bumperbot_ws/install/bumperbot_description/share/ament_index/resource_index/parent_prefix_path/bumperbot_description
[0.530s] -- Installing: /home/vpassamano-iit.local/bumperbot_ws/install/bumperbot_description/share/bumperbot_description/environment/ament_prefix_path.sh
[0.530s] -- Installing: /home/vpassamano-iit.local/bumperbot_ws/install/bumperbot_description/share/bumperbot_description/environment/ament_prefix_path.dsv
[0.530s] -- Installing: /home/vpassamano-iit.local/bumperbot_ws/install/bumperbot_description/share/bumperbot_description/environment/path.sh
[0.531s] -- Installing: /home/vpassamano-iit.local/bumperbot_ws/install/bumperbot_description/share/bumperbot_description/environment/path.dsv
[0.531s] -- Installing: /home/vpassamano-iit.local/bumperbot_ws/install/bumperbot_description/share/bumperbot_description/local_setup.bash
[0.531s] -- Installing: /home/vpassamano-iit.local/bumperbot_ws/install/bumperbot_description/share/bumperbot_description/local_setup.sh
[0.531s] -- Installing: /home/vpassamano-iit.local/bumperbot_ws/install/bumperbot_description/share/bumperbot_description/local_setup.zsh
[0.531s] -- Installing: /home/vpassamano-iit.local/bumperbot_ws/install/bumperbot_description/share/bumperbot_description/local_setup.dsv
[0.531s] -- Installing: /home/vpassamano-iit.local/bumperbot_ws/install/bumperbot_description/share/bumperbot_description/package.dsv
[0.531s] -- Installing: /home/vpassamano-iit.local/bumperbot_ws/install/bumperbot_description/share/ament_index/resource_index/packages/bumperbot_description
[0.531s] -- Installing: /home/vpassamano-iit.local/bumperbot_ws/install/bumperbot_description/share/bumperbot_description/cmake/bumperbot_descriptionConfig.cmake
[0.531s] -- Installing: /home/vpassamano-iit.local/bumperbot_ws/install/bumperbot_description/share/bumperbot_description/cmake/bumperbot_descriptionConfig-version.cmake
[0.531s] -- Installing: /home/vpassamano-iit.local/bumperbot_ws/install/bumperbot_description/share/bumperbot_description/package.xml
[0.533s] Invoked command in '/home/vpassamano-iit.local/bumperbot_ws/build/bumperbot_description' returned '0': CMAKE_PREFIX_PATH=${CMAKE_PREFIX_PATH}:/opt/ros/jazzy DEBUGINFOD_URLS=https://debuginfod.ubuntu.com /usr/bin/cmake --install /home/vpassamano-iit.local/bumperbot_ws/build/bumperbot_description
