[0.009s] Invoking command in '/home/vpassamano-iit.local/bumperbot_ws/build/bumperbot_cpp_examples': CMAKE_PREFIX_PATH=${CMAKE_PREFIX_PATH}:/opt/ros/jazzy DEBUGINFOD_URLS=https://debuginfod.ubuntu.com /usr/bin/cmake --build /home/vpassamano-iit.local/bumperbot_ws/build/bumperbot_cpp_examples -- -j16 -l16
[0.045s] [100%] Built target simple_publisher
[0.052s] Invoked command in '/home/vpassamano-iit.local/bumperbot_ws/build/bumperbot_cpp_examples' returned '0': CMAKE_PREFIX_PATH=${CMAKE_PREFIX_PATH}:/opt/ros/jazzy DEBUGINFOD_URLS=https://debuginfod.ubuntu.com /usr/bin/cmake --build /home/vpassamano-iit.local/bumperbot_ws/build/bumperbot_cpp_examples -- -j16 -l16
[0.074s] Invoking command in '/home/vpassamano-iit.local/bumperbot_ws/build/bumperbot_cpp_examples': CMAKE_PREFIX_PATH=${CMAKE_PREFIX_PATH}:/opt/ros/jazzy DEBUGINFOD_URLS=https://debuginfod.ubuntu.com /usr/bin/cmake --install /home/vpassamano-iit.local/bumperbot_ws/build/bumperbot_cpp_examples
[0.079s] -- Install configuration: ""
[0.079s] -- Up-to-date: /home/vpassamano-iit.local/bumperbot_ws/install/bumperbot_cpp_examples/lib/bumperbot_cpp_examples/simple_publisher
[0.079s] -- Up-to-date: /home/vpassamano-iit.local/bumperbot_ws/install/bumperbot_cpp_examples/share/ament_index/resource_index/package_run_dependencies/bumperbot_cpp_examples
[0.079s] -- Up-to-date: /home/vpassamano-iit.local/bumperbot_ws/install/bumperbot_cpp_examples/share/ament_index/resource_index/parent_prefix_path/bumperbot_cpp_examples
[0.079s] -- Up-to-date: /home/vpassamano-iit.local/bumperbot_ws/install/bumperbot_cpp_examples/share/bumperbot_cpp_examples/environment/ament_prefix_path.sh
[0.079s] -- Up-to-date: /home/vpassamano-iit.local/bumperbot_ws/install/bumperbot_cpp_examples/share/bumperbot_cpp_examples/environment/ament_prefix_path.dsv
[0.079s] -- Up-to-date: /home/vpassamano-iit.local/bumperbot_ws/install/bumperbot_cpp_examples/share/bumperbot_cpp_examples/environment/path.sh
[0.079s] -- Up-to-date: /home/vpassamano-iit.local/bumperbot_ws/install/bumperbot_cpp_examples/share/bumperbot_cpp_examples/environment/path.dsv
[0.079s] -- Up-to-date: /home/vpassamano-iit.local/bumperbot_ws/install/bumperbot_cpp_examples/share/bumperbot_cpp_examples/local_setup.bash
[0.079s] -- Up-to-date: /home/vpassamano-iit.local/bumperbot_ws/install/bumperbot_cpp_examples/share/bumperbot_cpp_examples/local_setup.sh
[0.079s] -- Up-to-date: /home/vpassamano-iit.local/bumperbot_ws/install/bumperbot_cpp_examples/share/bumperbot_cpp_examples/local_setup.zsh
[0.079s] -- Up-to-date: /home/vpassamano-iit.local/bumperbot_ws/install/bumperbot_cpp_examples/share/bumperbot_cpp_examples/local_setup.dsv
[0.080s] -- Installing: /home/vpassamano-iit.local/bumperbot_ws/install/bumperbot_cpp_examples/share/bumperbot_cpp_examples/package.dsv
[0.080s] -- Up-to-date: /home/vpassamano-iit.local/bumperbot_ws/install/bumperbot_cpp_examples/share/ament_index/resource_index/packages/bumperbot_cpp_examples
[0.080s] -- Up-to-date: /home/vpassamano-iit.local/bumperbot_ws/install/bumperbot_cpp_examples/share/bumperbot_cpp_examples/cmake/bumperbot_cpp_examplesConfig.cmake
[0.080s] -- Up-to-date: /home/vpassamano-iit.local/bumperbot_ws/install/bumperbot_cpp_examples/share/bumperbot_cpp_examples/cmake/bumperbot_cpp_examplesConfig-version.cmake
[0.080s] -- Up-to-date: /home/vpassamano-iit.local/bumperbot_ws/install/bumperbot_cpp_examples/share/bumperbot_cpp_examples/package.xml
[0.081s] Invoked command in '/home/vpassamano-iit.local/bumperbot_ws/build/bumperbot_cpp_examples' returned '0': CMAKE_PREFIX_PATH=${CMAKE_PREFIX_PATH}:/opt/ros/jazzy DEBUGINFOD_URLS=https://debuginfod.ubuntu.com /usr/bin/cmake --install /home/vpassamano-iit.local/bumperbot_ws/build/bumperbot_cpp_examples
